<?xml version="1.0" encoding="UTF-8"?>
<testng-results skipped="0" failed="0" ignored="0" total="1" passed="1">
  <reporter-output>
  </reporter-output>
  <suite name="Suite" duration-ms="35658" started-at="2020-09-18T10:59:27Z" finished-at="2020-09-18T11:00:03Z">
    <groups>
    </groups>
    <test name="Test" duration-ms="35658" started-at="2020-09-18T10:59:27Z" finished-at="2020-09-18T11:00:03Z">
      <class name="web.tests.LoginTest">
        <test-method status="PASS" signature="beforeSuite()[pri:0, instance:web.tests.LoginTest@11392934]" name="beforeSuite" is-config="true" duration-ms="49683" started-at="2020-09-18T16:28:37Z" finished-at="2020-09-18T16:29:27Z">
          <reporter-output>
          </reporter-output>
        </test-method> <!-- beforeSuite -->
        <test-method status="PASS" signature="beforeTest()[pri:0, instance:web.tests.LoginTest@11392934]" name="beforeTest" is-config="true" duration-ms="0" started-at="2020-09-18T16:29:27Z" finished-at="2020-09-18T16:29:27Z">
          <reporter-output>
          </reporter-output>
        </test-method> <!-- beforeTest -->
        <test-method status="PASS" signature="testLogin()[pri:0, instance:web.tests.LoginTest@11392934]" name="testLogin" duration-ms="35532" started-at="2020-09-18T16:29:27Z" finished-at="2020-09-18T16:30:03Z">
          <reporter-output>
          </reporter-output>
        </test-method> <!-- testLogin -->
        <test-method status="PASS" signature="afterTest()[pri:0, instance:web.tests.LoginTest@11392934]" name="afterTest" is-config="true" duration-ms="1" started-at="2020-09-18T16:30:03Z" finished-at="2020-09-18T16:30:03Z">
          <reporter-output>
          </reporter-output>
        </test-method> <!-- afterTest -->
        <test-method status="PASS" signature="afterSuite()[pri:0, instance:web.tests.LoginTest@11392934]" name="afterSuite" is-config="true" duration-ms="3194" started-at="2020-09-18T16:30:03Z" finished-at="2020-09-18T16:30:06Z">
          <reporter-output>
          </reporter-output>
        </test-method> <!-- afterSuite -->
      </class> <!-- web.tests.LoginTest -->
    </test> <!-- Test -->
  </suite> <!-- Suite -->
</testng-results>
